build/app/outputs/mapping/release/seeds.txt
androidx.profileinstaller.ProfileInstallerInitializer$Choreographer16Impl: void postFrameCallback(java.lang.Runnable)
kotlin.internal.jdk7.JDK7PlatformImplementations: JDK7PlatformImplementations()
androidx.window.core.Bounds: Bounds(int,int,int,int)
androidx.window.embedding.MatcherUtils: MatcherUtils()
io.flutter.embedding.engine.FlutterJNI: void setAccessibilityFeatures(int)
androidx.concurrent.futures.AbstractResolvableFuture$Waiter: AbstractResolvableFuture$Waiter()
androidx.window.layout.WindowMetrics: WindowMetrics(android.graphics.Rect)
kotlin.coroutines.jvm.internal.BaseContinuationImpl: kotlin.coroutines.Continuation create(kotlin.coroutines.Continuation)
androidx.window.layout.SidecarWindowBackend: SidecarWindowBackend(androidx.window.layout.ExtensionInterfaceCompat)
kotlinx.coroutines.EventLoopImplBase: EventLoopImplBase()
io.flutter.view.AccessibilityBridge$StringAttribute: AccessibilityBridge$StringAttribute()
androidx.core.view.WindowInsetsCompat$BuilderImpl: WindowInsetsCompat$BuilderImpl(androidx.core.view.WindowInsetsCompat)
io.flutter.plugin.editing.ImeSyncDeferringInsetsCallback: android.view.View access$400(io.flutter.plugin.editing.ImeSyncDeferringInsetsCallback)
io.flutter.embedding.engine.systemchannels.PlatformChannel$SystemUiMode: io.flutter.embedding.engine.systemchannels.PlatformChannel$SystemUiMode[] values()
androidx.core.content.ContextCompat$Api21Impl: java.io.File getCodeCacheDir(android.content.Context)
io.flutter.embedding.android.FlutterImageView$SurfaceKind: io.flutter.embedding.android.FlutterImageView$SurfaceKind[] values()
androidx.core.view.ViewCompat$Api19Impl: boolean isLaidOut(android.view.View)
io.flutter.plugin.platform.SingleViewPresentation: io.flutter.plugin.platform.SingleViewPresentation$PresentationState detachState()
androidx.window.layout.SidecarCompat: SidecarCompat(android.content.Context)
androidx.window.layout.SidecarWindowBackend: java.util.concurrent.locks.ReentrantLock access$getGlobalLock$cp()
androidx.window.core.Version$Companion: androidx.window.core.Version getUNKNOWN()
io.flutter.embedding.engine.systemchannels.PlatformViewsChannel$PlatformViewCreationRequest$RequestedDisplayMode: io.flutter.embedding.engine.systemchannels.PlatformViewsChannel$PlatformViewCreationRequest$RequestedDisplayMode valueOf(java.lang.String)
androidx.window.embedding.EmbeddingAdapter: java.lang.Object component2(android.util.Pair)
kotlin.reflect.KVisibility: kotlin.reflect.KVisibility[] values()
kotlinx.coroutines.android.AndroidExceptionPreHandler: void handleException(kotlin.coroutines.CoroutineContext,java.lang.Throwable)
androidx.core.view.WindowInsetsCompat$BuilderImpl: androidx.core.view.WindowInsetsCompat build()
androidx.window.embedding.ExtensionEmbeddingBackend: ExtensionEmbeddingBackend(androidx.window.embedding.EmbeddingInterfaceCompat)
androidx.core.view.ViewCompat$Api21Impl: boolean isNestedScrollingEnabled(android.view.View)
androidx.window.layout.ActivityCompatHelperApi30: ActivityCompatHelperApi30()
io.flutter.embedding.engine.FlutterJNI: void onEndFrame()
io.flutter.plugins.imagepicker.Messages$VideoSelectionOptions: Messages$VideoSelectionOptions()
io.flutter.plugin.editing.ImeSyncDeferringInsetsCallback: boolean access$300(io.flutter.plugin.editing.ImeSyncDeferringInsetsCallback)
io.flutter.plugin.editing.ImeSyncDeferringInsetsCallback: android.view.WindowInsets access$602(io.flutter.plugin.editing.ImeSyncDeferringInsetsCallback,android.view.WindowInsets)
androidx.window.embedding.SplitRuleParser: java.util.Set parseSplitXml(android.content.Context,int)
kotlinx.coroutines.ExecutorCoroutineDispatcher: ExecutorCoroutineDispatcher()
androidx.core.view.ViewCompat$Api28Impl: boolean isAccessibilityHeading(android.view.View)
androidx.window.core.Version: int compareTo(java.lang.Object)
androidx.window.embedding.ActivityFilter: ActivityFilter(android.content.ComponentName,java.lang.String)
io.flutter.embedding.engine.FlutterJNI: void ensureNotAttachedToNative()