build/app/outputs/mapping/release/mapping.txt
# compiler: R8
# compiler_version: 3.3.70
# min_api: 19
# common_typos_disable
# {"id":"com.android.tools.r8.mapping","version":"2.0"}
# pg_map_id: 0533dcb
# pg_map_hash: SHA-256 0533dcba9b034910a82f444cf6616c99363ea9d83c6190c05d4e7d55fd52b9f7
...
androidx.lifecycle.SavedStateHandleSupport$DEFAULT_ARGS_KEY$1 -> androidx.lifecycle.t$a:
androidx.lifecycle.SavedStateHandleSupport$SAVED_STATE_REGISTRY_OWNER_KEY$1 -> androidx.lifecycle.t$b:
androidx.lifecycle.SavedStateHandleSupport$VIEW_MODEL_STORE_OWNER_KEY$1 -> androidx.lifecycle.t$c:
androidx.lifecycle.SavedStateHandleSupport$savedStateHandlesVM$1$1 -> androidx.lifecycle.t$d:
    androidx.lifecycle.SavedStateHandleSupport$savedStateHandlesVM$1$1 INSTANCE -> d
    androidx.lifecycle.SavedStateHandlesVM invoke(androidx.lifecycle.viewmodel.CreationExtras) -> a
androidx.lifecycle.SavedStateHandlesProvider -> androidx.lifecycle.u:
    kotlin.Lazy viewModel$delegate -> d
    android.os.Bundle restoredState -> c
    boolean restored -> b
    androidx.savedstate.SavedStateRegistry savedStateRegistry -> a
    android.os.Bundle saveState() -> a
    androidx.lifecycle.SavedStateHandlesVM getViewModel() -> b
    void performRestore() -> c
androidx.lifecycle.SavedStateHandlesProvider$viewModel$2 -> androidx.lifecycle.u$a:
    androidx.lifecycle.ViewModelStoreOwner $viewModelStoreOwner -> d
    androidx.lifecycle.SavedStateHandlesVM invoke() -> a
androidx.lifecycle.SavedStateHandlesVM -> androidx.lifecycle.v:
    java.util.Map handles -> d
    java.util.Map getHandles() -> e
androidx.lifecycle.SingleGeneratedAdapterObserver -> androidx.lifecycle.SingleGeneratedAdapterObserver:
    androidx.lifecycle.GeneratedAdapter generatedAdapter -> d
    void onStateChanged(androidx.lifecycle.LifecycleOwner,androidx.lifecycle.Lifecycle$Event) -> d
androidx.lifecycle.ViewModel -> androidx.lifecycle.w:
    java.util.Map mBagOfTags -> a
    java.util.Set mCloseables -> b
    boolean mCleared -> c
    void clear() -> a
    void closeWithRuntimeException(java.lang.Object) -> b
    java.lang.Object getTag(java.lang.String) -> c
    void onCleared() -> d
androidx.lifecycle.ViewModelProvider -> androidx.lifecycle.x:
    androidx.lifecycle.ViewModelStore store -> a
    androidx.lifecycle.viewmodel.CreationExtras defaultCreationExtras -> c
    androidx.lifecycle.ViewModelProvider$Factory factory -> b
    androidx.lifecycle.ViewModel get(java.lang.String,java.lang.Class) -> a
androidx.lifecycle.ViewModelProvider$AndroidViewModelFactory -> androidx.lifecycle.x$a:
    androidx.lifecycle.viewmodel.CreationExtras$Key APPLICATION_KEY -> d
    androidx.lifecycle.ViewModelProvider$AndroidViewModelFactory$Companion Companion -> c
androidx.lifecycle.ViewModelProvider$AndroidViewModelFactory$Companion -> androidx.lifecycle.x$a$a:
androidx.lifecycle.ViewModelProvider$AndroidViewModelFactory$Companion$ApplicationKeyImpl -> androidx.lifecycle.x$a$a$a:
    androidx.lifecycle.ViewModelProvider$AndroidViewModelFactory$Companion$ApplicationKeyImpl INSTANCE -> a
androidx.lifecycle.ViewModelProvider$Factory -> androidx.lifecycle.x$b:
    androidx.lifecycle.ViewModel create(java.lang.Class) -> a
    androidx.lifecycle.ViewModel create(java.lang.Class,androidx.lifecycle.viewmodel.CreationExtras) -> b
androidx.lifecycle.ViewModelProvider$Factory$-CC -> androidx.lifecycle.y:
# {"id":"sourceFile","fileName":"R8$$SyntheticClass"}
# {"id":"com.android.tools.r8.synthesized"}
    androidx.lifecycle.ViewModel $default$create(androidx.lifecycle.ViewModelProvider$Factory,java.lang.Class) -> a
      # {"id":"com.android.tools.r8.synthesized"}
androidx.lifecycle.ViewModelProvider$NewInstanceFactory -> androidx.lifecycle.x$c:
    androidx.lifecycle.ViewModelProvider$NewInstanceFactory$Companion Companion -> a
    androidx.lifecycle.viewmodel.CreationExtras$Key VIEW_MODEL_KEY -> b
androidx.lifecycle.ViewModelProvider$NewInstanceFactory$Companion -> androidx.lifecycle.x$c$a:
androidx.lifecycle.ViewModelProvider$NewInstanceFactory$Companion$ViewModelKeyImpl -> androidx.lifecycle.x$c$a$a:
    androidx.lifecycle.ViewModelProvider$NewInstanceFactory$Companion$ViewModelKeyImpl INSTANCE -> a